\BOOKMARK [-1][-]{part.1}{\376\377\000I\000\040\000S\000t\000a\000t\000e\000\040\000o\000f\000\040\000t\000h\000e\000\040\000a\000r\000t}{}% 1
\BOOKMARK [0][-]{chapter.1}{\376\377\000I\000n\000t\000r\000o\000d\000u\000c\000t\000i\000o\000n}{part.1}% 2
\BOOKMARK [1][-]{section.1.1}{\376\377\000O\000v\000e\000r\000v\000i\000e\000w}{chapter.1}% 3
\BOOKMARK [2][-]{subsection.1.1.1}{\376\377\000W\000h\000y\000\040\000j\000u\000s\000t\000\040\000b\000u\000s\000i\000n\000e\000s\000s\000\040\000t\000o\000\040\000b\000u\000s\000i\000n\000e\000s\000s}{section.1.1}% 4
\BOOKMARK [1][-]{section.1.2}{\376\377\000I\000n\000t\000r\000o\000d\000u\000c\000t\000i\000o\000n}{chapter.1}% 5
\BOOKMARK [2][-]{subsection.1.2.1}{\376\377\000T\000h\000e\000\040\000v\000i\000e\000w\000\040\000o\000f\000\040\000b\000i\000g\000\040\000b\000u\000s\000i\000n\000e\000s\000s\000\040\000a\000n\000d\000\040\000g\000o\000v\000e\000r\000n\000m\000e\000n\000t\000s}{section.1.2}% 6
\BOOKMARK [1][-]{section.1.3}{\376\377\000S\000u\000m\000m\000a\000r\000y}{chapter.1}% 7
\BOOKMARK [0][-]{chapter.2}{\376\377\000D\000e\000c\000e\000n\000t\000r\000a\000l\000i\000s\000a\000t\000i\000o\000n\000\040\000\046\000\040\000T\000h\000e\000\040\000W\000e\000b}{part.1}% 8
\BOOKMARK [1][-]{section.2.1}{\376\377\000S\000e\000m\000a\000n\000t\000i\000c\000\040\000w\000e\000b}{chapter.2}% 9
\BOOKMARK [1][-]{section.2.2}{\376\377\000S\000p\000a\000t\000i\000a\000l\000\040\000w\000e\000b}{chapter.2}% 10
\BOOKMARK [1][-]{section.2.3}{\376\377\000W\000e\000b\0003}{chapter.2}% 11
\BOOKMARK [2][-]{subsection.2.3.1}{\376\377\000E\000m\000e\000r\000g\000i\000n\000g\000\040\000c\000o\000n\000s\000e\000n\000s\000u\000s}{section.2.3}% 12
\BOOKMARK [1][-]{section.2.4}{\376\377\000E\000x\000a\000m\000p\000l\000e\000\040\000a\000p\000p\000l\000i\000c\000a\000t\000i\000o\000n\000s}{chapter.2}% 13
\BOOKMARK [2][-]{subsection.2.4.1}{\376\377\000V\000e\000i\000l\000i\000d\000\040\000-\000\040\000A\000\040\000P\000e\000e\000r\000-\000t\000o\000-\000P\000e\000e\000r\000\040\000P\000r\000i\000v\000a\000c\000y\000\040\000M\000e\000s\000h\000\040\000P\000r\000o\000j\000e\000c\000t}{section.2.4}% 14
\BOOKMARK [2][-]{subsection.2.4.2}{\376\377\000P\000o\000d\000c\000a\000s\000t\000i\000n\000g\0002\000.\0000}{section.2.4}% 15
\BOOKMARK [2][-]{subsection.2.4.3}{\376\377\000C\000r\000o\000w\000d\000\040\000f\000u\000n\000d\000i\000n\000g}{section.2.4}% 16
\BOOKMARK [2][-]{subsection.2.4.4}{\376\377\000D\000i\000s\000t\000r\000i\000b\000u\000t\000e\000d\000\040\000e\000x\000c\000h\000a\000n\000g\000e\000s}{section.2.4}% 17
\BOOKMARK [2][-]{subsection.2.4.5}{\376\377\000N\000F\000T\000\040\000m\000a\000r\000k\000e\000t\000p\000l\000a\000c\000e\000s}{section.2.4}% 18
\BOOKMARK [2][-]{subsection.2.4.6}{\376\377\000N\000o\000n\000\040\000b\000l\000o\000c\000k\000c\000h\000a\000i\000n\000\040\000w\000e\000b\000s\000\040\000o\000f\000\040\000t\000r\000u\000s\000t}{section.2.4}% 19
\BOOKMARK [2][-]{subsection.2.4.7}{\376\377\000D\000i\000s\000t\000r\000i\000b\000u\000t\000e\000d\000\040\000D\000N\000S\000\040\000a\000p\000p\000l\000i\000c\000a\000t\000i\000o\000n\000s}{section.2.4}% 20
\BOOKMARK [2][-]{subsection.2.4.8}{\376\377\000I\000m\000p\000e\000r\000v\000i\000o\000u\000s\000\040\000b\000r\000o\000w\000s\000e\000r}{section.2.4}% 21
\BOOKMARK [1][-]{section.2.5}{\376\377\000W\000e\000b\000\040\0004\000.\0000}{chapter.2}% 22
\BOOKMARK [1][-]{section.2.6}{\376\377\000T\000h\000e\000\040\000c\000o\000m\000m\000o\000n\000\040\000t\000h\000r\000e\000a\000d}{chapter.2}% 23
\BOOKMARK [0][-]{chapter.3}{\376\377\000D\000L\000T\000,\000\040\000B\000l\000o\000c\000k\000c\000h\000a\000i\000n\000,\000\040\000a\000n\000d\000\040\000B\000i\000t\000c\000o\000i\000n}{part.1}% 24
\BOOKMARK [1][-]{section.3.1}{\376\377\000W\000h\000a\000t\000'\000s\000\040\000t\000h\000i\000s\000\040\000f\000o\000r\000\040\000s\000o\000r\000r\000y\000?}{chapter.3}% 25
\BOOKMARK [2][-]{subsection.3.1.1}{\376\377\000M\000a\000c\000h\000i\000n\000e\000\040\000t\000o\000\040\000m\000a\000c\000h\000i\000n\000e\000\040\000c\000o\000m\000m\000u\000n\000i\000c\000a\000t\000i\000o\000n}{section.3.1}% 26
\BOOKMARK [1][-]{section.3.2}{\376\377\000A\000\040\000p\000a\000n\000o\000p\000l\000y\000\040\000o\000f\000\040\000t\000e\000c\000h}{chapter.3}% 27
\BOOKMARK [1][-]{section.3.3}{\376\377\000E\000t\000h\000e\000r\000e\000u\000m}{chapter.3}% 28
\BOOKMARK [2][-]{subsection.3.3.1}{\376\377\000G\000a\000s\000\040\000f\000e\000e\000s}{section.3.3}% 29
\BOOKMARK [2][-]{subsection.3.3.2}{\376\377\000E\000t\000h\000e\000r\000\040\000u\000l\000t\000r\000a\000\040\000h\000a\000r\000d\000\040\000m\000o\000n\000e\000y\000\040\000n\000a\000r\000r\000a\000t\000i\000v\000e}{section.3.3}% 30
\BOOKMARK [2][-]{subsection.3.3.3}{\376\377\000I\000n\000h\000e\000r\000e\000n\000t\000\040\000W\000e\000a\000k\000n\000e\000s\000s\000e\000s}{section.3.3}% 31
\BOOKMARK [1][-]{section.3.4}{\376\377\000B\000i\000t\000c\000o\000i\000n}{chapter.3}% 32
\BOOKMARK [2][-]{subsection.3.4.1}{\376\377\000T\000h\000e\000\040\000B\000i\000t\000c\000o\000i\000n\000\040\000N\000e\000t\000w\000o\000r\000k\000\040\000S\000o\000f\000t\000w\000a\000r\000e}{section.3.4}% 33
\BOOKMARK [2][-]{subsection.3.4.2}{\376\377\000M\000i\000n\000i\000n\000g\000\040\000a\000n\000d\000\040\000E\000n\000e\000r\000g\000y\000\040\000c\000o\000n\000c\000e\000r\000n\000s}{section.3.4}% 34
\BOOKMARK [2][-]{subsection.3.4.3}{\376\377\000T\000e\000c\000h\000n\000i\000c\000a\000l\000\040\000o\000v\000e\000r\000v\000i\000e\000w}{section.3.4}% 35
\BOOKMARK [2][-]{subsection.3.4.4}{\376\377\000U\000p\000g\000r\000a\000d\000e\000\040\000r\000o\000a\000d\000m\000a\000p}{section.3.4}% 36
\BOOKMARK [1][-]{section.3.5}{\376\377\000E\000x\000t\000e\000n\000d\000i\000n\000g\000\040\000t\000h\000e\000\040\000B\000T\000C\000\040\000e\000c\000o\000s\000y\000s\000t\000e\000m\000\040}{chapter.3}% 37
\BOOKMARK [2][-]{subsection.3.5.1}{\376\377\000K\000e\000e\000t\000\040\000b\000y\000\040\000h\000o\000l\000e\000p\000u\000n\000c\000h}{section.3.5}% 38
\BOOKMARK [2][-]{subsection.3.5.2}{\376\377\000B\000l\000o\000c\000k\000\040\000\046\000\040\000S\000p\000i\000r\000a\000l\000B\000T\000C}{section.3.5}% 39
\BOOKMARK [2][-]{subsection.3.5.3}{\376\377\000B\000T\000C\000P\000a\000y\000S\000e\000r\000v\000e\000r}{section.3.5}% 40
\BOOKMARK [1][-]{section.3.6}{\376\377\000L\000i\000g\000h\000t\000n\000i\000n\000g\000\040\000\050\000L\000a\000y\000e\000r\000\040\0002\000\051}{chapter.3}% 41
\BOOKMARK [2][-]{subsection.3.6.1}{\376\377\000L\000i\000g\000h\000t\000n\000i\000n\000g\000\040\000s\000e\000r\000v\000i\000c\000e\000\040\000p\000r\000o\000v\000i\000d\000e\000r\000s}{section.3.6}% 42
\BOOKMARK [2][-]{subsection.3.6.2}{\376\377\000M\000i\000c\000r\000o\000p\000a\000y\000m\000e\000n\000t\000s}{section.3.6}% 43
\BOOKMARK [2][-]{subsection.3.6.3}{\376\377\000B\000O\000L\000T\0001\0002\000\040\000a\000n\000d\000\040\000r\000e\000c\000u\000r\000r\000i\000n\000g\000\040\000p\000a\000y\000m\000e\000n\000t\000s}{section.3.6}% 44
\BOOKMARK [2][-]{subsection.3.6.4}{\376\377\000C\000a\000s\000h\000u\000\040\000a\000n\000d\000\040\000F\000e\000d\000i\000m\000i\000n\000t}{section.3.6}% 45
\BOOKMARK [2][-]{subsection.3.6.5}{\376\377\000L\000N\000B\000i\000t\000s}{section.3.6}% 46
\BOOKMARK [2][-]{subsection.3.6.6}{\376\377\000M\000u\000t\000i\000n\000y\000\040\000w\000e\000b\000\040\000w\000a\000l\000l\000e\000t}{section.3.6}% 47
\BOOKMARK [2][-]{subsection.3.6.7}{\376\377\000D\000a\000r\000i\000c}{section.3.6}% 48
\BOOKMARK [2][-]{subsection.3.6.8}{\376\377\000A\000r\000k}{section.3.6}% 49
\BOOKMARK [1][-]{section.3.7}{\376\377\000L\000i\000q\000u\000i\000d\000\040\000f\000e\000d\000e\000r\000a\000t\000i\000o\000n\000\040\000\050\000l\000a\000y\000e\000r\000\040\0002\000\051}{chapter.3}% 50
\BOOKMARK [1][-]{section.3.8}{\376\377\000B\000i\000t\000c\000o\000i\000n\000\040\000L\000a\000y\000e\000r\000\040\0003}{chapter.3}% 51
\BOOKMARK [2][-]{subsection.3.8.1}{\376\377\000L\000N\000P\000/\000B\000P\000\040\000a\000n\000d\000\040\000R\000G\000B}{section.3.8}% 52
\BOOKMARK [2][-]{subsection.3.8.2}{\376\377\000T\000a\000r\000o\000\040\000/\000\040\000T\000a\000p\000r\000o\000o\000t\000\040\000A\000s\000s\000e\000t\000s}{section.3.8}% 53
\BOOKMARK [2][-]{subsection.3.8.3}{\376\377\000Z\000e\000r\000o\000S\000y\000n\000c}{section.3.8}% 54
\BOOKMARK [2][-]{subsection.3.8.4}{\376\377\000S\000p\000a\000c\000e\000c\000h\000a\000i\000n\000s}{section.3.8}% 55
\BOOKMARK [2][-]{subsection.3.8.5}{\376\377\000S\000t\000a\000t\000e\000c\000h\000a\000i\000n\000s\000,\000\040\000d\000r\000i\000v\000e\000c\000h\000a\000i\000n\000,\000\040\000s\000o\000f\000t\000c\000h\000a\000i\000n\000s}{section.3.8}% 56
\BOOKMARK [1][-]{section.3.9}{\376\377\000R\000i\000s\000k\000s\000\040\000a\000n\000d\000\040\000m\000i\000t\000i\000g\000a\000t\000i\000o\000n\000s}{chapter.3}% 57
\BOOKMARK [2][-]{subsection.3.9.1}{\376\377\000S\000o\000c\000i\000o\000p\000a\000t\000h\000s\000\040\000e\000v\000e\000r\000y\000w\000h\000e\000r\000e}{section.3.9}% 58
\BOOKMARK [2][-]{subsection.3.9.2}{\376\377\000D\000i\000g\000i\000t\000a\000l\000\040\000a\000s\000s\000e\000t\000s}{section.3.9}% 59
\BOOKMARK [2][-]{subsection.3.9.3}{\376\377\000B\000i\000t\000c\000o\000i\000n\000\040\000s\000p\000e\000c\000i\000f\000i\000c\000a\000l\000l\000y}{section.3.9}% 60
\BOOKMARK [0][-]{chapter.4}{\376\377\000M\000o\000n\000e\000y\000\040\000i\000n\000\040\000t\000h\000e\000\040\000r\000e\000a\000l\000\040\000w\000o\000r\000l\000d}{part.1}% 61
\BOOKMARK [1][-]{section.4.1}{\376\377\000D\000e\000f\000i\000n\000i\000n\000g\000\040\000m\000o\000n\000e\000y}{chapter.4}% 62
\BOOKMARK [2][-]{subsection.4.1.1}{\376\377\000T\000h\000e\000\040\000o\000r\000i\000g\000i\000n\000s\000\040\000o\000f\000\040\000m\000o\000n\000e\000y}{section.4.1}% 63
\BOOKMARK [2][-]{subsection.4.1.2}{\376\377\000U\000n\000d\000e\000r\000s\000t\000a\000n\000d\000i\000n\000g\000\040\000m\000o\000n\000e\000y\000\040\000c\000r\000e\000a\000t\000i\000o\000n}{section.4.1}% 64
\BOOKMARK [2][-]{subsection.4.1.3}{\376\377\000G\000l\000o\000b\000a\000l\000\040\000c\000u\000r\000r\000e\000n\000c\000y\000\040\000i\000n\000t\000e\000r\000a\000c\000t\000i\000o\000n\000s}{section.4.1}% 65
\BOOKMARK [1][-]{section.4.2}{\376\377\000I\000n\000t\000e\000r\000n\000a\000t\000i\000o\000n\000a\000l\000\040\000m\000o\000n\000e\000y\000\040\000t\000r\000a\000n\000s\000f\000e\000r\000\040\000n\000e\000t\000w\000o\000r\000k\000s}{chapter.4}% 66
\BOOKMARK [2][-]{subsection.4.2.1}{\376\377\000S\000w\000i\000f\000t\000,\000\040\000I\000S\000O\000\040\0002\0000\0000\0002\0002\000,\000\040\000a\000n\000d\000\040\000c\000o\000r\000r\000e\000s\000p\000o\000n\000d\000e\000n\000c\000e\000\040\000b\000a\000n\000k\000i\000n\000g}{section.4.2}% 67
\BOOKMARK [2][-]{subsection.4.2.2}{\376\377\000F\000E\000D\000N\000O\000W}{section.4.2}% 68
\BOOKMARK [2][-]{subsection.4.2.3}{\376\377\000S\000P\000F\000S\000\040\000a\000n\000d\000\040\000B\000R\000I\000C\000S}{section.4.2}% 69
\BOOKMARK [2][-]{subsection.4.2.4}{\376\377\000V\000I\000S\000A\000\040\000a\000n\000d\000\040\000M\000a\000s\000t\000e\000r\000c\000a\000r\000d}{section.4.2}% 70
\BOOKMARK [2][-]{subsection.4.2.5}{\376\377\000M\000o\000n\000e\000y\000\040\000t\000r\000a\000n\000s\000f\000e\000r\000\040\000o\000p\000e\000r\000a\000t\000o\000r\000s}{section.4.2}% 71
\BOOKMARK [2][-]{subsection.4.2.6}{\376\377\000D\000i\000g\000i\000t\000a\000l\000\040\000d\000i\000s\000r\000u\000p\000t\000i\000v\000e\000\040\000f\000i\000n\000t\000e\000c\000h}{section.4.2}% 72
\BOOKMARK [2][-]{subsection.4.2.7}{\376\377\000S\000t\000a\000b\000l\000e\000c\000o\000i\000n\000s}{section.4.2}% 73
\BOOKMARK [1][-]{section.4.3}{\376\377\000C\000e\000n\000t\000r\000a\000l\000\040\000b\000a\000n\000k\000\040\000d\000i\000g\000i\000t\000a\000l\000\040\000c\000u\000r\000r\000e\000n\000c\000i\000e\000s}{chapter.4}% 74
\BOOKMARK [2][-]{subsection.4.3.1}{\376\377\000G\000l\000o\000b\000a\000l\000\040\000C\000e\000n\000t\000r\000a\000l\000i\000s\000e\000d\000\040\000L\000e\000d\000g\000e\000r\000s}{section.4.3}% 75
\BOOKMARK [2][-]{subsection.4.3.2}{\376\377\000R\000i\000s\000k\000s\000\040\000a\000n\000d\000\040\000m\000i\000t\000i\000g\000a\000t\000i\000o\000n\000s}{section.4.3}% 76
\BOOKMARK [1][-]{section.4.4}{\376\377\000B\000i\000t\000c\000o\000i\000n\000\040\000a\000s\000\040\000a\000\040\000m\000o\000n\000e\000y}{chapter.4}% 77
\BOOKMARK [2][-]{subsection.4.4.1}{\376\377\000S\000p\000e\000n\000d\000i\000n\000g\000\040\000i\000t}{section.4.4}% 78
\BOOKMARK [2][-]{subsection.4.4.2}{\376\377\000S\000a\000v\000i\000n\000g\000\040\000w\000i\000t\000h\000\040\000i\000t}{section.4.4}% 79
\BOOKMARK [1][-]{section.4.5}{\376\377\000R\000i\000s\000k\000s\000\040\000\050\000m\000o\000n\000e\000y\000,\000\040\000n\000o\000t\000\040\000t\000e\000c\000h\000n\000i\000c\000a\000l\000\051}{chapter.4}% 80
\BOOKMARK [2][-]{subsection.4.5.1}{\376\377\000R\000i\000s\000k\000s\000\040\000t\000o\000\040\000B\000i\000t\000c\000o\000i\000n\000\040\000t\000h\000e\000\040\000m\000o\000n\000e\000y}{section.4.5}% 81
\BOOKMARK [2][-]{subsection.4.5.2}{\376\377\000B\000i\000t\000c\000o\000i\000n\000\040\000e\000x\000t\000e\000r\000n\000a\000l\000i\000t\000i\000e\000s}{section.4.5}% 82
\BOOKMARK [1][-]{section.4.6}{\376\377\000I\000s\000\040\000D\000e\000F\000i\000\040\000a\000n\000y\000\040\000u\000s\000e\000?}{chapter.4}% 83
\BOOKMARK [0][-]{chapter.5}{\376\377\000D\000i\000s\000t\000r\000i\000b\000u\000t\000e\000d\000\040\000I\000d\000e\000n\000t\000i\000t\000y\000\040\000\046\000\040\000T\000r\000u\000s\000t}{part.1}% 84
\BOOKMARK [1][-]{section.5.1}{\376\377\000A\000p\000p\000l\000i\000c\000a\000t\000i\000o\000n\000s\000\040\000o\000f\000\040\000D\000I\000D\000/\000S\000S\000I}{chapter.5}% 85
\BOOKMARK [1][-]{section.5.2}{\376\377\000C\000l\000a\000s\000s\000i\000c\000\040\000D\000I\000D\000/\000S\000S\000I}{chapter.5}% 86
\BOOKMARK [1][-]{section.5.3}{\376\377\000F\000e\000d\000e\000r\000a\000t\000e\000d\000\040\000s\000o\000c\000i\000a\000l\000\040\000m\000e\000d\000i\000a\000\040\000t\000r\000u\000s\000t}{chapter.5}% 87
\BOOKMARK [2][-]{subsection.5.3.1}{\376\377\000L\000i\000g\000h\000t\000n\000i\000n\000g}{section.5.3}% 88
\BOOKMARK [2][-]{subsection.5.3.2}{\376\377\000W\000e\000b\0005\000,\000\040\000B\000l\000u\000e\000s\000k\000y\000,\000\040\000\046\000\040\000M\000i\000c\000r\000o\000s\000o\000f\000t\000\040\000I\000O\000N}{section.5.3}% 89
\BOOKMARK [2][-]{subsection.5.3.3}{\376\377\000S\000l\000a\000s\000h\000t\000a\000g\000s}{section.5.3}% 90
\BOOKMARK [2][-]{subsection.5.3.4}{\376\377\000C\000i\000v\000K\000i\000t}{section.5.3}% 91
\BOOKMARK [2][-]{subsection.5.3.5}{\376\377\000N\000o\000s\000t\000r}{section.5.3}% 92
\BOOKMARK [1][-]{section.5.4}{\376\377\000M\000i\000c\000r\000o\000p\000a\000y\000m\000e\000n\000t\000\040\000b\000a\000s\000e\000d\000\040\000w\000e\000b}{chapter.5}% 93
\BOOKMARK [1][-]{section.5.5}{\376\377\000A\000r\000e\000\040\000D\000A\000O\000s\000\040\000u\000s\000e\000f\000u\000l\000\040\000f\000o\000r\000\040\000u\000s\000?}{chapter.5}% 94
\BOOKMARK [2][-]{subsection.5.5.1}{\376\377\000D\000A\000O\000s\000\040\000o\000n\000\040\000B\000i\000t\000c\000o\000i\000n}{section.5.5}% 95
\BOOKMARK [2][-]{subsection.5.5.2}{\376\377\000R\000i\000s\000k\000s}{section.5.5}% 96
\BOOKMARK [1][-]{section.5.6}{\376\377\000R\000i\000s\000k\000s\000\040\000\046\000\040\000C\000h\000a\000l\000l\000e\000n\000g\000e\000s\000?}{chapter.5}% 97
\BOOKMARK [0][-]{chapter.6}{\376\377\000D\000i\000g\000i\000t\000a\000l\000\040\000O\000b\000j\000e\000c\000t\000s\000\040\000\046\000\040\000N\000F\000T\000s}{part.1}% 98
\BOOKMARK [1][-]{section.6.1}{\376\377\000K\000e\000y\000\040\000u\000s\000e\000\040\000c\000a\000s\000e\000s}{chapter.6}% 99
\BOOKMARK [2][-]{subsection.6.1.1}{\376\377\000A\000r\000t}{section.6.1}% 100
\BOOKMARK [2][-]{subsection.6.1.2}{\376\377\000C\000o\000m\000p\000u\000t\000e\000r\000\040\000\046\000\040\000V\000i\000d\000e\000o\000\040\000G\000a\000m\000e\000s}{section.6.1}% 101
\BOOKMARK [1][-]{section.6.2}{\376\377\000B\000r\000o\000a\000d\000e\000r\000\040\000a\000n\000d\000\040\000m\000e\000t\000a\000v\000e\000r\000s\000e\000\040\000u\000s\000e\000s}{chapter.6}% 102
\BOOKMARK [1][-]{section.6.3}{\376\377\000O\000b\000j\000e\000c\000t\000s\000\040\000i\000n\000\040\000o\000u\000r\000\040\000c\000o\000l\000l\000a\000b\000o\000r\000a\000t\000i\000v\000e\000\040\000m\000i\000x\000e\000d\000\040\000r\000e\000a\000l\000i\000t\000y}{chapter.6}% 103
\BOOKMARK [2][-]{subsection.6.3.1}{\376\377\000L\000i\000q\000u\000i\000d\000\040\000t\000o\000k\000e\000n\000s}{section.6.3}% 104
\BOOKMARK [2][-]{subsection.6.3.2}{\376\377\000E\000t\000h\000e\000r\000e\000u\000m}{section.6.3}% 105
\BOOKMARK [2][-]{subsection.6.3.3}{\376\377\000S\000o\000l\000a\000n\000a}{section.6.3}% 106
\BOOKMARK [2][-]{subsection.6.3.4}{\376\377\000P\000e\000e\000r\000s\000w\000a\000p}{section.6.3}% 107
\BOOKMARK [2][-]{subsection.6.3.5}{\376\377\000F\000R\000O\000S\000T\000\040\000o\000n\000\040\000B\000i\000t\000c\000o\000i\000n}{section.6.3}% 108
\BOOKMARK [2][-]{subsection.6.3.6}{\376\377\000S\000p\000a\000c\000e\000c\000h\000a\000i\000n\000s}{section.6.3}% 109
\BOOKMARK [2][-]{subsection.6.3.7}{\376\377\000P\000e\000a\000r\000\040\000c\000r\000e\000d\000i\000t}{section.6.3}% 110
\BOOKMARK [2][-]{subsection.6.3.8}{\376\377\000S\000a\000t\000o\000s\000h\000i\000\040\000O\000r\000d\000i\000n\000a\000l\000s}{section.6.3}% 111
\BOOKMARK [2][-]{subsection.6.3.9}{\376\377\000T\000a\000p\000r\000o\000o\000t\000\040\000A\000s\000s\000e\000t\000s}{section.6.3}% 112
\BOOKMARK [0][-]{chapter.7}{\376\377\000C\000o\000l\000l\000a\000b\000o\000r\000a\000t\000i\000v\000e\000\040\000m\000i\000x\000e\000d\000\040\000r\000e\000a\000l\000i\000t\000y}{part.1}% 113
\BOOKMARK [1][-]{section.7.1}{\376\377\000T\000o\000w\000a\000r\000d\000\040\000a\000n\000\040\000o\000p\000e\000n\000\040\000m\000e\000t\000a\000v\000e\000r\000s\000e}{chapter.7}% 114
\BOOKMARK [2][-]{subsection.7.1.1}{\376\377\000P\000r\000i\000m\000i\000t\000i\000v\000e\000s}{section.7.1}% 115
\BOOKMARK [1][-]{section.7.2}{\376\377\000H\000i\000s\000t\000o\000r\000y}{chapter.7}% 116
\BOOKMARK [1][-]{section.7.3}{\376\377\000V\000i\000d\000e\000o\000\040\000c\000o\000n\000f\000e\000r\000e\000n\000c\000i\000n\000g\000,\000\040\000t\000h\000e\000\040\000s\000t\000a\000t\000u\000s\000\040\000q\000u\000o}{chapter.7}% 117
\BOOKMARK [2][-]{subsection.7.3.1}{\376\377\000P\000a\000n\000d\000e\000m\000i\000c\000\040\000d\000r\000i\000v\000e\000s\000\040\000a\000d\000o\000p\000t\000i\000o\000n}{section.7.3}% 118
\BOOKMARK [2][-]{subsection.7.3.2}{\376\377\000P\000o\000i\000n\000t\000\040\000t\000o\000\040\000P\000o\000i\000n\000t\000\040\000V\000i\000d\000e\000o\000\040\000C\000o\000n\000f\000e\000r\000e\000n\000c\000i\000n\000g}{section.7.3}% 119
\BOOKMARK [2][-]{subsection.7.3.3}{\376\377\000T\000r\000i\000a\000d\000i\000c\000\040\000a\000n\000d\000\040\000S\000m\000a\000l\000l\000\040\000G\000r\000o\000u\000p}{section.7.3}% 120
\BOOKMARK [2][-]{subsection.7.3.4}{\376\377\000O\000t\000h\000e\000r\000\040\000S\000y\000s\000t\000e\000m\000s\000\040\000t\000o\000\040\000S\000u\000p\000p\000o\000r\000t\000\040\000B\000u\000s\000i\000n\000e\000s\000s}{section.7.3}% 121
\BOOKMARK [2][-]{subsection.7.3.5}{\376\377\000M\000o\000n\000a\000\040\000L\000i\000s\000a\000\040\000T\000y\000p\000e\000\040\000E\000f\000f\000e\000c\000t\000s}{section.7.3}% 122
\BOOKMARK [1][-]{section.7.4}{\376\377\000W\000h\000a\000t\000'\000s\000\040\000i\000m\000p\000o\000r\000t\000a\000n\000t\000\040\000f\000o\000r\000\040\000h\000u\000m\000a\000n\000\040\000c\000o\000m\000m\000u\000n\000i\000c\000a\000t\000i\000o\000n}{chapter.7}% 123
\BOOKMARK [2][-]{subsection.7.4.1}{\376\377\000V\000o\000c\000a\000l}{section.7.4}% 124
\BOOKMARK [2][-]{subsection.7.4.2}{\376\377\000N\000o\000n\000v\000e\000r\000b\000a\000l}{section.7.4}% 125
\BOOKMARK [1][-]{section.7.5}{\376\377\000P\000s\000y\000c\000h\000o\000l\000o\000g\000y\000\040\000o\000f\000\040\000T\000e\000c\000h\000n\000o\000l\000o\000g\000y\000-\000M\000e\000d\000i\000a\000t\000e\000d\000\040\000I\000n\000t\000e\000r\000a\000c\000t\000i\000o\000n}{chapter.7}% 126
\BOOKMARK [2][-]{subsection.7.5.1}{\376\377\000P\000r\000o\000x\000e\000m\000i\000c\000s}{section.7.5}% 127
\BOOKMARK [2][-]{subsection.7.5.2}{\376\377\000A\000t\000t\000e\000n\000t\000i\000o\000n}{section.7.5}% 128
\BOOKMARK [2][-]{subsection.7.5.3}{\376\377\000B\000e\000h\000a\000v\000i\000o\000u\000r}{section.7.5}% 129
\BOOKMARK [2][-]{subsection.7.5.4}{\376\377\000P\000r\000e\000s\000e\000n\000c\000e\000,\000\040\000C\000o\000-\000p\000r\000e\000s\000e\000n\000c\000e\000,\000\040\000a\000n\000d\000\040\000S\000o\000c\000i\000a\000l\000\040\000P\000r\000e\000s\000e\000n\000c\000e}{section.7.5}% 130
\BOOKMARK [1][-]{section.7.6}{\376\377\000O\000t\000h\000e\000r\000\040\000S\000y\000s\000t\000e\000m\000s\000\040\000t\000o\000\040\000S\000u\000p\000p\000o\000r\000t\000\040\000B\000u\000s\000i\000n\000e\000s\000s}{chapter.7}% 131
\BOOKMARK [2][-]{subsection.7.6.1}{\376\377\000S\000p\000a\000t\000i\000a\000l\000l\000y\000\040\000F\000a\000i\000t\000h\000f\000u\000l\000\040\000G\000r\000o\000u\000p}{section.7.6}% 132
\BOOKMARK [2][-]{subsection.7.6.2}{\376\377\000H\000o\000l\000o\000g\000r\000a\000p\000h\000y\000\040\000a\000n\000d\000\040\000V\000o\000l\000u\000m\000e\000t\000r\000i\000c}{section.7.6}% 133
\BOOKMARK [2][-]{subsection.7.6.3}{\376\377\000S\000i\000m\000u\000l\000a\000t\000e\000d\000\040\000H\000u\000m\000a\000n\000s}{section.7.6}% 134
\BOOKMARK [1][-]{section.7.7}{\376\377\000T\000h\000e\000o\000r\000e\000t\000i\000c\000a\000l\000\040\000F\000r\000a\000m\000e\000w\000o\000r\000k\000\040\000t\000o\000w\000a\000r\000d\000\040\000m\000e\000t\000a\000v\000e\000r\000s\000e}{chapter.7}% 135
\BOOKMARK [2][-]{subsection.7.7.1}{\376\377\000P\000r\000o\000b\000l\000e\000m\000\040\000S\000t\000a\000t\000e\000m\000e\000n\000t}{section.7.7}% 136
\BOOKMARK [2][-]{subsection.7.7.2}{\376\377\000C\000o\000r\000e\000\040\000A\000s\000s\000u\000m\000p\000t\000i\000o\000n\000s}{section.7.7}% 137
\BOOKMARK [2][-]{subsection.7.7.3}{\376\377\000P\000e\000r\000i\000p\000h\000e\000r\000a\000l\000\040\000A\000s\000s\000u\000m\000p\000t\000i\000o\000n\000s}{section.7.7}% 138
\BOOKMARK [1][-]{section.7.8}{\376\377\000P\000o\000s\000t\000\040\000`\000M\000e\000t\000a\000'\000\040\000m\000e\000t\000a\000v\000e\000r\000s\000e}{chapter.7}% 139
\BOOKMARK [1][-]{section.7.9}{\376\377\000M\000a\000r\000k\000e\000t\000\040\000a\000n\000a\000l\000y\000s\000i\000s}{chapter.7}% 140
\BOOKMARK [1][-]{section.7.10}{\376\377\000N\000F\000T\000\040\000a\000n\000d\000\040\000c\000r\000y\000p\000t\000o\000\040\000a\000s\000\040\000m\000e\000t\000a\000v\000e\000r\000s\000e}{chapter.7}% 141
\BOOKMARK [1][-]{section.7.11}{\376\377\000L\000e\000s\000s\000o\000n\000s\000\040\000f\000r\000o\000m\000\040\000M\000M\000O\000R\000G\000S}{chapter.7}% 142
\BOOKMARK [1][-]{section.7.12}{\376\377\000I\000m\000m\000e\000r\000s\000i\000v\000e\000\040\000a\000n\000d\000\040\000t\000h\000i\000r\000d\000\040\000p\000e\000r\000s\000o\000n\000\040\000X\000R}{chapter.7}% 143
\BOOKMARK [2][-]{subsection.7.12.1}{\376\377\000M\000o\000r\000e\000\040\000l\000i\000k\000e\000\040\000a\000\040\000d\000i\000g\000i\000t\000a\000l\000\040\000t\000w\000i\000n}{section.7.12}% 144
\BOOKMARK [2][-]{subsection.7.12.2}{\376\377\000M\000o\000r\000e\000\040\000l\000i\000k\000e\000\040\000a\000\040\000m\000e\000t\000a\000v\000e\000r\000s\000e}{section.7.12}% 145
\BOOKMARK [2][-]{subsection.7.12.3}{\376\377\000M\000o\000r\000e\000\040\000l\000i\000k\000e\000\040\000c\000r\000y\000p\000t\000o\000\040\000N\000F\000T\000\040\000v\000i\000r\000t\000u\000a\000l\000\040\000l\000a\000n\000d}{section.7.12}% 146
\BOOKMARK [2][-]{subsection.7.12.4}{\376\377\000M\000o\000r\000e\000\040\000l\000i\000k\000e\000\040\000i\000n\000d\000u\000s\000t\000r\000i\000a\000l\000\040\000a\000p\000p\000l\000i\000c\000a\000t\000i\000o\000n}{section.7.12}% 147
\BOOKMARK [2][-]{subsection.7.12.5}{\376\377\000M\000o\000r\000e\000\040\000l\000i\000k\000e\000\040\000m\000e\000e\000t\000i\000n\000g\000\040\000s\000u\000p\000p\000o\000r\000t}{section.7.12}% 148
\BOOKMARK [1][-]{section.7.13}{\376\377\000D\000i\000s\000p\000l\000a\000y\000s\000\040\000\046\000\040\000H\000e\000a\000d\000s\000e\000t\000\040\000H\000a\000r\000d\000w\000a\000r\000e}{chapter.7}% 149
\BOOKMARK [2][-]{subsection.7.13.1}{\376\377\000T\000h\000e\000\040\000A\000p\000p\000l\000e\000\040\000i\000n\000\040\000t\000h\000e\000\040\000R\000o\000o\000m}{section.7.13}% 150
\BOOKMARK [1][-]{section.7.14}{\376\377\000U\000n\000r\000e\000a\000l\000\040\000\046\000\040\000V\000i\000r\000t\000u\000a\000l\000\040\000P\000r\000o\000d\000u\000c\000t\000i\000o\000n}{chapter.7}% 151
\BOOKMARK [2][-]{subsection.7.14.1}{\376\377\000V\000i\000r\000t\000u\000a\000l\000\040\000P\000r\000o\000d\000u\000c\000t\000i\000o\000n}{section.7.14}% 152
\BOOKMARK [1][-]{section.7.15}{\376\377\000D\000i\000f\000f\000e\000r\000e\000n\000t\000\040\000m\000o\000d\000a\000l\000i\000t\000i\000e\000s}{chapter.7}% 153
\BOOKMARK [2][-]{subsection.7.15.1}{\376\377\000C\000o\000n\000t\000r\000o\000l\000l\000e\000r\000s\000,\000\040\000g\000e\000s\000t\000u\000r\000e\000s\000,\000\040\000i\000n\000t\000e\000r\000f\000a\000c\000e\000s}{section.7.15}% 154
\BOOKMARK [2][-]{subsection.7.15.2}{\376\377\000M\000i\000x\000e\000d\000\040\000r\000e\000a\000l\000i\000t\000y\000\040\000a\000s\000\040\000a\000\040\000m\000e\000t\000a\000v\000e\000r\000s\000e}{section.7.15}% 155
\BOOKMARK [2][-]{subsection.7.15.3}{\376\377\000A\000u\000g\000m\000e\000n\000t\000e\000d\000\040\000r\000e\000a\000l\000i\000t\000y}{section.7.15}% 156
\BOOKMARK [2][-]{subsection.7.15.4}{\376\377\000U\000b\000i\000q\000u\000i\000t\000o\000u\000s\000\040\000d\000i\000s\000p\000l\000a\000y\000s}{section.7.15}% 157
\BOOKMARK [1][-]{section.7.16}{\376\377\000R\000i\000s\000k\000s}{chapter.7}% 158
\BOOKMARK [1][-]{section.7.17}{\376\377\000S\000u\000m\000m\000a\000r\000y\000\040\000T\000L\000;\000D\000R}{chapter.7}% 159
\BOOKMARK [0][-]{chapter.8}{\376\377\000A\000r\000t\000i\000f\000i\000c\000i\000a\000l\000\040\000I\000n\000t\000e\000l\000l\000i\000g\000e\000n\000c\000e}{part.1}% 160
\BOOKMARK [1][-]{section.8.1}{\376\377\000T\000h\000e\000\040\000C\000a\000m\000b\000r\000i\000a\000n\000\040\000e\000x\000p\000l\000o\000s\000i\000o\000n\000\040\000o\000f\000\040\000M\000L\000/\000A\000I}{chapter.8}% 161
\BOOKMARK [2][-]{subsection.8.1.1}{\376\377\000O\000v\000e\000r\000v\000i\000e\000w}{section.8.1}% 162
\BOOKMARK [1][-]{section.8.2}{\376\377\000G\000e\000n\000e\000r\000a\000t\000i\000v\000e\000\040\000a\000r\000t\000\040\000s\000y\000s\000t\000e\000m\000s}{chapter.8}% 163
\BOOKMARK [2][-]{subsection.8.2.1}{\376\377\000M\000o\000d\000e\000r\000n\000\040\000M\000o\000d\000e\000l\000s\000\040\000a\000n\000d\000\040\000S\000y\000s\000t\000e\000m\000s}{section.8.2}% 164
\BOOKMARK [2][-]{subsection.8.2.2}{\376\377\000I\000m\000a\000g\000e\000\040\000G\000e\000n\000e\000r\000a\000t\000i\000o\000n}{section.8.2}% 165
\BOOKMARK [2][-]{subsection.8.2.3}{\376\377\000H\000o\000w\000\040\000t\000h\000e\000y\000\040\000w\000o\000r\000k}{section.8.2}% 166
\BOOKMARK [2][-]{subsection.8.2.4}{\376\377\000V\000i\000d\000e\000o\000\040\000g\000e\000n\000e\000r\000a\000t\000i\000o\000n}{section.8.2}% 167
\BOOKMARK [2][-]{subsection.8.2.5}{\376\377\000A\000u\000d\000i\000o\000\040\000g\000e\000n\000e\000r\000a\000t\000i\000o\000n}{section.8.2}% 168
\BOOKMARK [2][-]{subsection.8.2.6}{\376\377\0003\000D\000\040\000g\000e\000n\000e\000r\000a\000t\000i\000o\000n}{section.8.2}% 169
\BOOKMARK [2][-]{subsection.8.2.7}{\376\377\000C\000o\000n\000c\000l\000u\000s\000i\000o\000n}{section.8.2}% 170
\BOOKMARK [2][-]{subsection.8.2.8}{\376\377\000M\000a\000j\000o\000r\000\040\000t\000r\000e\000n\000d\000s\000\040\000i\000n\000\040\000A\000I}{section.8.2}% 171
\BOOKMARK [2][-]{subsection.8.2.9}{\376\377\000W\000h\000i\000s\000t\000l\000e\000s\000t\000o\000p\000\040\000t\000o\000u\000r\000\040\000o\000f\000\040\000t\000e\000r\000m\000s}{section.8.2}% 172
\BOOKMARK [2][-]{subsection.8.2.10}{\376\377\000E\000v\000a\000l\000u\000a\000t\000i\000o\000n\000\040\000M\000e\000t\000r\000i\000c\000s\000\040\000f\000o\000r\000\040\000L\000a\000n\000g\000u\000a\000g\000e\000\040\000M\000o\000d\000e\000l\000s}{section.8.2}% 173
\BOOKMARK [2][-]{subsection.8.2.11}{\376\377\000C\000o\000n\000s\000u\000m\000e\000r\000\040\000t\000o\000o\000l\000s}{section.8.2}% 174
\BOOKMARK [2][-]{subsection.8.2.12}{\376\377\000R\000e\000s\000e\000a\000r\000c\000h\000e\000r\000\040\000t\000o\000o\000l\000k\000i\000t\000s}{section.8.2}% 175
\BOOKMARK [2][-]{subsection.8.2.13}{\376\377\000E\000n\000t\000e\000r\000p\000r\000i\000s\000e\000\040\000a\000n\000d\000\040\000c\000o\000n\000v\000e\000r\000g\000e\000n\000c\000e}{section.8.2}% 176
\BOOKMARK [2][-]{subsection.8.2.14}{\376\377\000A\000c\000c\000e\000s\000s\000i\000b\000i\000l\000i\000t\000y}{section.8.2}% 177
\BOOKMARK [2][-]{subsection.8.2.15}{\376\377\000V\000i\000r\000t\000u\000a\000l\000\040\000h\000u\000m\000a\000n\000s}{section.8.2}% 178
\BOOKMARK [2][-]{subsection.8.2.16}{\376\377\000A\000I\000\040\000a\000c\000t\000o\000r\000s}{section.8.2}% 179
\BOOKMARK [2][-]{subsection.8.2.17}{\376\377\000C\000h\000a\000t\000b\000o\000t\000s}{section.8.2}% 180
\BOOKMARK [2][-]{subsection.8.2.18}{\376\377\000G\000o\000v\000e\000r\000n\000a\000n\000c\000e\000\040\000a\000n\000d\000\040\000s\000a\000f\000e\000g\000u\000a\000r\000d\000i\000n\000g}{section.8.2}% 181
\BOOKMARK [2][-]{subsection.8.2.19}{\376\377\000T\000h\000e\000\040\000e\000m\000e\000r\000g\000e\000n\000t\000\040\000r\000o\000l\000e\000\040\000o\000f\000\040\000A\000I\000\040\000i\000n\000\040\000e\000d\000u\000c\000a\000t\000i\000o\000n}{section.8.2}% 182
\BOOKMARK [0][-]{chapter.9}{\376\377\000A\000f\000f\000e\000c\000t\000i\000n\000g\000\040\000g\000l\000o\000b\000a\000l\000\040\000c\000h\000a\000n\000g\000e}{part.1}% 183
\BOOKMARK [1][-]{section.9.1}{\376\377\000G\000l\000o\000b\000a\000l\000\040\000p\000o\000l\000i\000t\000i\000c\000s\000\040\000\046\000\040\000d\000i\000g\000i\000t\000a\000l\000\040\000s\000o\000c\000i\000e\000t\000y}{chapter.9}% 184
\BOOKMARK [2][-]{subsection.9.1.1}{\376\377\000I\000n\000e\000q\000u\000a\000l\000i\000t\000y\000\040\000a\000s\000\040\000t\000h\000e\000\040\000d\000r\000i\000v\000i\000n\000g\000\040\000f\000o\000r\000c\000e}{section.9.1}% 185
\BOOKMARK [2][-]{subsection.9.1.2}{\376\377\000T\000h\000e\000\040\000S\000o\000c\000i\000a\000l\000\040\000C\000o\000s\000t\000\040\000o\000f\000\040\000I\000n\000e\000q\000u\000a\000l\000i\000t\000y}{section.9.1}% 186
\BOOKMARK [2][-]{subsection.9.1.3}{\376\377\000W\000h\000e\000n\000\040\000I\000n\000e\000q\000u\000a\000l\000i\000t\000y\000\040\000D\000e\000c\000l\000i\000n\000e\000s\000,\000\040\000L\000i\000f\000e\000\040\000I\000m\000p\000r\000o\000v\000e\000s}{section.9.1}% 187
\BOOKMARK [2][-]{subsection.9.1.4}{\376\377\000T\000a\000c\000k\000l\000i\000n\000g\000\040\000I\000n\000e\000q\000u\000a\000l\000i\000t\000y}{section.9.1}% 188
\BOOKMARK [2][-]{subsection.9.1.5}{\376\377\000A\000n\000a\000c\000y\000c\000l\000o\000s\000i\000s}{section.9.1}% 189
\BOOKMARK [2][-]{subsection.9.1.6}{\376\377\000T\000h\000e\000\040\000W\000o\000r\000l\000d\000\040\000E\000c\000o\000n\000o\000m\000i\000c\000\040\000F\000o\000r\000u\000m}{section.9.1}% 190
\BOOKMARK [2][-]{subsection.9.1.7}{\376\377\000M\000o\000n\000e\000y\000\040\000a\000n\000d\000\040\000T\000h\000e\000\040\000S\000t\000a\000t\000e}{section.9.1}% 191
\BOOKMARK [2][-]{subsection.9.1.8}{\376\377\000S\000u\000r\000v\000e\000i\000l\000l\000a\000n\000c\000e\000\040\000C\000a\000p\000i\000t\000a\000l\000i\000s\000m}{section.9.1}% 192
\BOOKMARK [1][-]{section.9.2}{\376\377\000G\000o\000v\000e\000r\000n\000m\000e\000n\000t\000\040\000o\000v\000e\000r\000-\000r\000e\000a\000c\000h\000\040\000t\000h\000r\000o\000u\000g\000h\000\040\000b\000u\000r\000e\000a\000u\000c\000r\000a\000c\000y}{chapter.9}% 193
\BOOKMARK [1][-]{section.9.3}{\376\377\000G\000l\000o\000b\000a\000l\000\040\000m\000o\000n\000e\000t\000a\000r\000y\000\040\000p\000o\000l\000i\000c\000y}{chapter.9}% 194
\BOOKMARK [1][-]{section.9.4}{\376\377\000O\000p\000p\000o\000r\000t\000u\000n\000i\000t\000i\000e\000s\000\040\000i\000n\000\040\000A\000f\000r\000i\000c\000a}{chapter.9}% 195
\BOOKMARK [2][-]{subsection.9.4.1}{\376\377\000G\000r\000i\000d\000l\000e\000s\000s}{section.9.4}% 196
\BOOKMARK [2][-]{subsection.9.4.2}{\376\377\000M\000a\000c\000h\000a\000n\000k\000u\000r\000a}{section.9.4}% 197
\BOOKMARK [1][-]{section.9.5}{\376\377\000E\000l\000\040\000S\000a\000l\000v\000a\000d\000o\000r\000\040\000a\000s\000\040\000a\000\040\000c\000a\000s\000e\000\040\000s\000t\000u\000d\000y}{chapter.9}% 198
\BOOKMARK [1][-]{section.9.6}{\376\377\000A\000r\000t\000i\000f\000i\000c\000i\000a\000l\000\040\000I\000n\000t\000e\000l\000l\000i\000g\000e\000n\000c\000e\000\040\000i\000n\000\040\000a\000\040\000g\000l\000o\000b\000a\000l\000\040\000c\000o\000n\000t\000e\000x\000t}{chapter.9}% 199
\BOOKMARK [2][-]{subsection.9.6.1}{\376\377\000P\000e\000r\000c\000e\000p\000t\000i\000o\000n\000\040\000o\000f\000\040\000A\000I\000\040\000a\000n\000d\000\040\000S\000o\000c\000i\000e\000t\000y}{section.9.6}% 200
\BOOKMARK [2][-]{subsection.9.6.2}{\376\377\000A\000I\000,\000\040\000P\000r\000o\000p\000a\000g\000a\000n\000d\000a\000,\000\040\000a\000n\000d\000\040\000A\000u\000t\000h\000o\000r\000i\000t\000a\000r\000i\000a\000n\000i\000s\000m}{section.9.6}% 201
\BOOKMARK [2][-]{subsection.9.6.3}{\376\377\000I\000n\000c\000r\000e\000a\000s\000e\000d\000\040\000S\000u\000r\000v\000e\000i\000l\000l\000a\000n\000c\000e\000\040\000T\000h\000r\000o\000u\000g\000h\000\040\000A\000I}{section.9.6}% 202
\BOOKMARK [2][-]{subsection.9.6.4}{\376\377\000W\000o\000r\000k\000e\000r\000\040\000S\000u\000r\000v\000e\000i\000l\000l\000a\000n\000c\000e\000\040\000a\000n\000d\000\040\000R\000e\000m\000o\000t\000e\000\040\000W\000o\000r\000k}{section.9.6}% 203
\BOOKMARK [2][-]{subsection.9.6.5}{\376\377\000A\000I\000\040\000a\000n\000d\000\040\000I\000d\000e\000o\000l\000o\000g\000y}{section.9.6}% 204
\BOOKMARK [2][-]{subsection.9.6.6}{\376\377\000A\000I\000\040\000a\000n\000d\000\040\000C\000e\000n\000t\000r\000a\000l\000\040\000P\000l\000a\000n\000n\000i\000n\000g}{section.9.6}% 205
\BOOKMARK [2][-]{subsection.9.6.7}{\376\377\000U\000n\000c\000o\000n\000t\000r\000o\000l\000l\000e\000d\000\040\000A\000G\000I\000\040\000C\000r\000e\000a\000t\000i\000o\000n}{section.9.6}% 206
\BOOKMARK [2][-]{subsection.9.6.8}{\376\377\000A\000I\000\040\000P\000r\000o\000m\000o\000t\000i\000n\000g\000\040\000F\000r\000e\000e\000d\000o\000m}{section.9.6}% 207
\BOOKMARK [2][-]{subsection.9.6.9}{\376\377\000A\000I\000,\000\040\000I\000n\000t\000e\000g\000r\000i\000t\000y\000,\000\040\000a\000n\000d\000\040\000A\000c\000c\000e\000s\000s\000i\000b\000i\000l\000i\000t\000y}{section.9.6}% 208
\BOOKMARK [2][-]{subsection.9.6.10}{\376\377\000A\000I\000'\000s\000\040\000I\000m\000p\000a\000c\000t\000\040\000o\000n\000\040\000S\000o\000c\000i\000e\000t\000a\000l\000\040\000O\000r\000g\000a\000n\000i\000z\000a\000t\000i\000o\000n}{section.9.6}% 209
\BOOKMARK [2][-]{subsection.9.6.11}{\376\377\000D\000e\000m\000o\000c\000r\000a\000t\000i\000z\000a\000t\000i\000o\000n\000\040\000o\000f\000\040\000A\000I\000\040\000T\000e\000c\000h\000n\000o\000l\000o\000g\000y}{section.9.6}% 210
\BOOKMARK [2][-]{subsection.9.6.12}{\376\377\000O\000p\000e\000n\000-\000s\000o\000u\000r\000c\000e\000\040\000A\000I\000\040\000a\000n\000d\000\040\000I\000n\000n\000o\000v\000a\000t\000i\000o\000n}{section.9.6}% 211
\BOOKMARK [2][-]{subsection.9.6.13}{\376\377\000O\000p\000e\000n\000-\000s\000o\000u\000r\000c\000e\000\040\000A\000I\000\040\000a\000n\000d\000\040\000G\000l\000o\000b\000a\000l\000\040\000P\000o\000l\000i\000t\000i\000c\000s}{section.9.6}% 212
\BOOKMARK [2][-]{subsection.9.6.14}{\376\377\000N\000a\000t\000i\000o\000n\000a\000l\000\040\000S\000e\000c\000u\000r\000i\000t\000y\000\040\000a\000n\000d\000\040\000O\000p\000e\000n\000-\000s\000o\000u\000r\000c\000e\000\040\000A\000I}{section.9.6}% 213
\BOOKMARK [2][-]{subsection.9.6.15}{\376\377\000E\000c\000o\000n\000o\000m\000i\000c\000\040\000C\000o\000m\000p\000e\000t\000i\000t\000i\000v\000e\000n\000e\000s\000s\000\040\000a\000n\000d\000\040\000O\000p\000e\000n\000-\000s\000o\000u\000r\000c\000e\000\040\000A\000I}{section.9.6}% 214
\BOOKMARK [2][-]{subsection.9.6.16}{\376\377\000I\000n\000t\000e\000l\000l\000e\000c\000t\000u\000a\000l\000\040\000P\000r\000o\000p\000e\000r\000t\000y\000\040\000R\000i\000g\000h\000t\000s\000\040\000a\000n\000d\000\040\000O\000p\000e\000n\000-\000s\000o\000u\000r\000c\000e\000\040\000A\000I}{section.9.6}% 215
\BOOKMARK [2][-]{subsection.9.6.17}{\376\377\000D\000a\000t\000a\000\040\000P\000r\000i\000v\000a\000c\000y\000\040\000a\000n\000d\000\040\000O\000p\000e\000n\000-\000s\000o\000u\000r\000c\000e\000\040\000A\000I}{section.9.6}% 216
\BOOKMARK [2][-]{subsection.9.6.18}{\376\377\000A\000\040\000N\000e\000w\000\040\000S\000o\000c\000i\000a\000l\000\040\000C\000o\000n\000t\000r\000a\000c\000t\000\040\000f\000o\000r\000\040\000A\000I}{section.9.6}% 217
\BOOKMARK [2][-]{subsection.9.6.19}{\376\377\000C\000o\000n\000c\000l\000u\000s\000i\000o\000n}{section.9.6}% 218
\BOOKMARK [0][-]{chapter.10}{\376\377\000O\000u\000r\000\040\000p\000r\000o\000p\000o\000s\000i\000t\000i\000o\000n}{part.1}% 219
\BOOKMARK [1][-]{section.10.1}{\376\377\000I\000n\000t\000r\000o\000d\000u\000c\000t\000i\000o\000n\000\040\000a\000n\000d\000\040\000P\000r\000o\000b\000l\000e\000m\000\040\000D\000e\000f\000i\000n\000i\000t\000i\000o\000n}{chapter.10}% 220
\BOOKMARK [2][-]{subsection.10.1.1}{\376\377\000O\000v\000e\000r\000v\000i\000e\000w\000\040\000o\000f\000\040\000t\000h\000e\000\040\000M\000e\000t\000a\000v\000e\000r\000s\000e\000\040\000a\000n\000d\000\040\000D\000i\000g\000i\000t\000a\000l\000\040\000S\000o\000c\000i\000e\000t\000y}{section.10.1}% 221
\BOOKMARK [2][-]{subsection.10.1.2}{\376\377\000T\000r\000u\000s\000t\000,\000\040\000A\000c\000c\000e\000s\000s\000i\000b\000i\000l\000i\000t\000y\000,\000\040\000G\000o\000v\000e\000r\000n\000a\000n\000c\000e\000,\000\040\000a\000n\000d\000\040\000S\000a\000f\000e\000g\000u\000a\000r\000d\000i\000n\000g}{section.10.1}% 222
\BOOKMARK [2][-]{subsection.10.1.3}{\376\377\000T\000h\000e\000\040\000N\000e\000e\000d\000\040\000f\000o\000r\000\040\000M\000o\000d\000u\000l\000a\000r\000\040\000O\000p\000e\000n\000-\000S\000o\000u\000r\000c\000e\000\040\000S\000o\000l\000u\000t\000i\000o\000n\000s}{section.10.1}% 223
\BOOKMARK [2][-]{subsection.10.1.4}{\376\377\000T\000e\000c\000h\000n\000i\000c\000a\000l\000\040\000p\000r\000o\000b\000l\000e\000m\000\040\000d\000e\000f\000i\000n\000i\000t\000i\000o\000n}{section.10.1}% 224
\BOOKMARK [1][-]{section.10.2}{\376\377\000L\000e\000a\000n\000\040\000c\000a\000n\000v\000a\000s\000\040\000b\000u\000s\000i\000n\000e\000s\000s\000\040\000m\000o\000d\000e\000l}{chapter.10}% 225
\BOOKMARK [1][-]{section.10.3}{\376\377\000P\000r\000o\000p\000o\000s\000e\000d\000\040\000L\000a\000y\000e\000r\000e\000d\000\040\000F\000r\000a\000m\000e\000w\000o\000r\000k}{chapter.10}% 226
\BOOKMARK [2][-]{subsection.10.3.1}{\376\377\000L\000a\000y\000e\000r\000\040\0001\000:\000\040\000B\000i\000t\000c\000o\000i\000n\000,\000\040\000L\000i\000g\000h\000t\000n\000i\000n\000g\000,\000\040\000a\000n\000d\000\040\000N\000o\000s\000t\000r\000\040\000p\000r\000o\000t\000o\000c\000o\000l\000s}{section.10.3}% 227
\BOOKMARK [2][-]{subsection.10.3.2}{\376\377\000L\000a\000y\000e\000r\000\040\0002\000:\000\040\000M\000o\000d\000u\000l\000a\000r\000\040\000h\000u\000m\000a\000n\000\040\000c\000o\000m\000p\000u\000t\000e\000r\000\040\000i\000n\000t\000e\000r\000f\000a\000c\000e}{section.10.3}% 228
\BOOKMARK [2][-]{subsection.10.3.3}{\376\377\000L\000a\000y\000e\000r\000\040\0003\000:\000\040\000L\000L\000M\000\040\000a\000n\000d\000\040\000G\000e\000n\000e\000r\000a\000t\000i\000v\000e\000\040\000M\000L\000\040\000I\000n\000t\000e\000g\000r\000a\000t\000i\000o\000n}{section.10.3}% 229
\BOOKMARK [1][-]{section.10.4}{\376\377\000A\000p\000p\000l\000i\000c\000a\000t\000i\000o\000n\000\040\000c\000a\000s\000e\000\040\000s\000t\000u\000d\000i\000e\000s}{chapter.10}% 230
\BOOKMARK [2][-]{subsection.10.4.1}{\376\377\000C\000l\000a\000s\000s\000i\000c\000\040\000u\000s\000e\000\040\000c\000a\000s\000e\000s}{section.10.4}% 231
\BOOKMARK [2][-]{subsection.10.4.2}{\376\377\000V\000i\000r\000t\000u\000a\000l\000\040\000t\000r\000a\000i\000n\000i\000n\000g\000\040\000a\000n\000d\000\040\000s\000i\000m\000u\000l\000a\000t\000i\000o\000n}{section.10.4}% 232
\BOOKMARK [2][-]{subsection.10.4.3}{\376\377\000R\000e\000m\000o\000t\000e\000\040\000t\000e\000l\000e\000c\000o\000n\000f\000e\000r\000e\000n\000c\000i\000n\000g}{section.10.4}% 233
\BOOKMARK [2][-]{subsection.10.4.4}{\376\377\000V\000i\000r\000t\000u\000a\000l\000\040\000a\000r\000t\000\040\000\046\000\040\000m\000e\000d\000i\000a\000\040\000c\000o\000l\000l\000a\000b\000o\000r\000a\000t\000i\000o\000n}{section.10.4}% 234
\BOOKMARK [2][-]{subsection.10.4.5}{\376\377\000D\000a\000t\000a\000\040\000v\000i\000s\000u\000a\000l\000i\000z\000a\000t\000i\000o\000n\000\040\000a\000n\000d\000\040\000a\000n\000a\000l\000y\000s\000i\000s}{section.10.4}% 235
\BOOKMARK [2][-]{subsection.10.4.6}{\376\377\000E\000d\000u\000c\000a\000t\000i\000o\000n\000\040\000a\000n\000d\000\040\000v\000i\000r\000t\000u\000a\000l\000\040\000c\000l\000a\000s\000s\000r\000o\000o\000m\000s}{section.10.4}% 236
\BOOKMARK [2][-]{subsection.10.4.7}{\376\377\000V\000i\000r\000t\000u\000a\000l\000\040\000l\000a\000b\000s\000\040\000a\000n\000d\000\040\000s\000c\000i\000e\000n\000t\000i\000f\000i\000c\000\040\000r\000e\000s\000e\000a\000r\000c\000h}{section.10.4}% 237
\BOOKMARK [2][-]{subsection.10.4.8}{\376\377\000M\000e\000d\000i\000a\000\040\000a\000n\000d\000\040\000e\000n\000t\000e\000r\000t\000a\000i\000n\000m\000e\000n\000t}{section.10.4}% 238
\BOOKMARK [2][-]{subsection.10.4.9}{\376\377\000B\000i\000o\000m\000e\000d\000i\000c\000a\000l}{section.10.4}% 239
\BOOKMARK [2][-]{subsection.10.4.10}{\376\377\000C\000o\000l\000l\000a\000b\000o\000r\000a\000t\000i\000v\000e\000\040\000D\000e\000s\000i\000g\000n\000\040\000a\000n\000d\000\040\000P\000r\000o\000t\000o\000t\000y\000p\000i\000n\000g}{section.10.4}% 240
\BOOKMARK [2][-]{subsection.10.4.11}{\376\377\000T\000r\000a\000i\000n\000i\000n\000g\000,\000\040\000S\000i\000m\000u\000l\000a\000t\000i\000o\000n\000,\000\040\000a\000n\000d\000\040\000E\000d\000u\000c\000a\000t\000i\000o\000n}{section.10.4}% 241
\BOOKMARK [2][-]{subsection.10.4.12}{\376\377\000R\000e\000m\000o\000t\000e\000\040\000C\000o\000l\000l\000a\000b\000o\000r\000a\000t\000i\000o\000n\000\040\000a\000n\000d\000\040\000T\000e\000l\000e\000c\000o\000n\000f\000e\000r\000e\000n\000c\000i\000n\000g}{section.10.4}% 242
\BOOKMARK [2][-]{subsection.10.4.13}{\376\377\000C\000h\000e\000m\000i\000c\000a\000l\000\040\000a\000n\000d\000\040\000M\000e\000d\000i\000c\000a\000l\000\040\000M\000o\000l\000e\000c\000u\000l\000a\000r\000\040\000M\000o\000d\000e\000l\000i\000n\000g}{section.10.4}% 243
\BOOKMARK [2][-]{subsection.10.4.14}{\376\377\000C\000r\000e\000a\000t\000i\000v\000e\000\040\000I\000n\000d\000u\000s\000t\000r\000i\000e\000s\000\040\000a\000n\000d\000\040\000G\000e\000n\000e\000r\000a\000t\000i\000v\000e\000\040\000A\000r\000t}{section.10.4}% 244
\BOOKMARK [2][-]{subsection.10.4.15}{\376\377\000C\000a\000s\000e\000\040\000S\000t\000u\000d\000y\000:\000\040\000B\000i\000o\000d\000i\000v\000e\000r\000s\000i\000t\000y\000\040\000M\000o\000n\000i\000t\000o\000r\000i\000n\000g\000\040\000a\000n\000d\000\040\000D\000a\000t\000a\000\040\000E\000x\000c\000h\000a\000n\000g\000e\000\040\000w\000i\000t\000h\000\040\000I\000s\000o\000l\000a\000t\000e\000d\000\040\000C\000o\000m\000m\000u\000n\000i\000t\000i\000e\000s}{section.10.4}% 245
\BOOKMARK [1][-]{section.10.5}{\376\377\000O\000v\000e\000r\000c\000o\000m\000i\000n\000g\000\040\000C\000h\000a\000l\000l\000e\000n\000g\000e\000s\000\040\000a\000n\000d\000\040\000B\000a\000r\000r\000i\000e\000r\000s}{chapter.10}% 246
\BOOKMARK [2][-]{subsection.10.5.1}{\376\377\000T\000r\000u\000s\000t\000,\000\040\000A\000c\000c\000e\000s\000s\000i\000b\000i\000l\000i\000t\000y\000,\000\040\000a\000n\000d\000\040\000G\000o\000v\000e\000r\000n\000a\000n\000c\000e}{section.10.5}% 247
\BOOKMARK [2][-]{subsection.10.5.2}{\376\377\000E\000n\000s\000u\000r\000i\000n\000g\000\040\000S\000a\000f\000e\000g\000u\000a\000r\000d\000i\000n\000g\000\040\000a\000n\000d\000\040\000P\000r\000i\000v\000a\000c\000y\000\040\000C\000o\000m\000p\000l\000i\000a\000n\000c\000e}{section.10.5}% 248
\BOOKMARK [2][-]{subsection.10.5.3}{\376\377\000M\000a\000n\000a\000g\000i\000n\000g\000\040\000S\000c\000a\000l\000a\000b\000i\000l\000i\000t\000y\000,\000\040\000P\000e\000r\000f\000o\000r\000m\000a\000n\000c\000e\000,\000\040\000a\000n\000d\000\040\000L\000a\000t\000e\000n\000c\000y}{section.10.5}% 249
\BOOKMARK [2][-]{subsection.10.5.4}{\376\377\000P\000r\000o\000m\000o\000t\000i\000n\000g\000\040\000O\000p\000e\000n\000\040\000S\000t\000a\000n\000d\000a\000r\000d\000s\000\040\000a\000n\000d\000\040\000I\000n\000t\000e\000r\000o\000p\000e\000r\000a\000b\000i\000l\000i\000t\000y}{section.10.5}% 250
\BOOKMARK [1][-]{section.10.6}{\376\377\000F\000u\000t\000u\000r\000e\000\040\000O\000u\000t\000l\000o\000o\000k\000\040\000a\000n\000d\000\040\000P\000o\000t\000e\000n\000t\000i\000a\000l\000\040\000D\000e\000v\000e\000l\000o\000p\000m\000e\000n\000t\000s}{chapter.10}% 251
\BOOKMARK [2][-]{subsection.10.6.1}{\376\377\000A\000I\000\040\000a\000n\000d\000\040\000G\000e\000n\000e\000r\000a\000t\000i\000v\000e\000\040\000M\000L\000\040\000T\000e\000c\000h\000n\000o\000l\000o\000g\000i\000e\000s}{section.10.6}% 252
\BOOKMARK [2][-]{subsection.10.6.2}{\376\377\000I\000n\000c\000l\000u\000s\000i\000v\000e\000\040\000D\000i\000g\000i\000t\000a\000l\000\040\000S\000o\000c\000i\000e\000t\000y}{section.10.6}% 253
\BOOKMARK [2][-]{subsection.10.6.3}{\376\377\000S\000p\000a\000t\000i\000a\000l\000\040\000a\000n\000d\000\040\000A\000u\000g\000m\000e\000n\000t\000e\000d\000\040\000R\000e\000a\000l\000i\000t\000y\000\040\000T\000e\000c\000h\000n\000o\000l\000o\000g\000i\000e\000s}{section.10.6}% 254
\BOOKMARK [2][-]{subsection.10.6.4}{\376\377\000E\000c\000o\000n\000o\000m\000i\000c\000\040\000E\000m\000p\000o\000w\000e\000r\000m\000e\000n\000t\000\040\000A\000I\000\040\000A\000c\000t\000o\000r\000s}{section.10.6}% 255
\BOOKMARK [2][-]{subsection.10.6.5}{\376\377\000C\000o\000n\000t\000i\000n\000u\000o\000u\000s\000\040\000E\000v\000o\000l\000u\000t\000i\000o\000n\000\040\000a\000n\000d\000\040\000A\000d\000a\000p\000t\000a\000t\000i\000o\000n}{section.10.6}% 256
\BOOKMARK [1][-]{section.10.7}{\376\377\000C\000o\000n\000c\000l\000u\000s\000i\000o\000n\000\040\000a\000n\000d\000\040\000F\000i\000n\000a\000l\000\040\000T\000h\000o\000u\000g\000h\000t\000s}{chapter.10}% 257
\BOOKMARK [2][-]{subsection.10.7.1}{\376\377\000E\000m\000b\000r\000a\000c\000i\000n\000g\000\040\000t\000h\000e\000\040\000O\000p\000e\000n\000-\000S\000o\000u\000r\000c\000e\000\040\000M\000e\000t\000a\000v\000e\000r\000s\000e\000\040\000V\000i\000s\000i\000o\000n}{section.10.7}% 258
\BOOKMARK [2][-]{subsection.10.7.2}{\376\377\000L\000e\000a\000r\000n\000i\000n\000g\000\040\000f\000r\000o\000m\000\040\000P\000a\000s\000t\000\040\000F\000a\000i\000l\000u\000r\000e\000s}{section.10.7}% 259
\BOOKMARK [2][-]{subsection.10.7.3}{\376\377\000U\000n\000l\000o\000c\000k\000i\000n\000g\000\040\000N\000e\000w\000\040\000O\000p\000p\000o\000r\000t\000u\000n\000i\000t\000i\000e\000s\000\040\000a\000n\000d\000\040\000U\000s\000e\000\040\000C\000a\000s\000e\000s}{section.10.7}% 260
\BOOKMARK [2][-]{subsection.10.7.4}{\376\377\000F\000o\000s\000t\000e\000r\000i\000n\000g\000\040\000C\000o\000l\000l\000a\000b\000o\000r\000a\000t\000i\000o\000n\000\040\000a\000n\000d\000\040\000I\000n\000c\000l\000u\000s\000i\000v\000i\000t\000y}{section.10.7}% 261
\BOOKMARK [2][-]{subsection.10.7.5}{\376\377\000S\000h\000a\000p\000i\000n\000g\000\040\000t\000h\000e\000\040\000F\000u\000t\000u\000r\000e\000\040\000o\000f\000\040\000D\000i\000g\000i\000t\000a\000l\000\040\000S\000o\000c\000i\000e\000t\000y}{section.10.7}% 262
\BOOKMARK [2][-]{subsection.10.7.6}{\376\377\000I\000n\000d\000u\000s\000t\000r\000y\000\040\000C\000o\000n\000v\000e\000r\000s\000a\000t\000i\000o\000n\000s}{section.10.7}% 263
\BOOKMARK [1][-]{section.10.8}{\376\377\000S\000o\000f\000t\000w\000a\000r\000e\000\040\000s\000t\000a\000c\000k}{chapter.10}% 264
\BOOKMARK [1][-]{section.10.9}{\376\377\000I\000n\000\040\000c\000a\000m\000e\000r\000a\000\040\000V\000F\000X\000\040\000\046\000\040\000t\000e\000l\000e\000p\000r\000e\000s\000e\000n\000c\000e}{chapter.10}% 265
\BOOKMARK [2][-]{subsection.10.9.1}{\376\377\000v\000i\000s\000i\000o\000n\000f\000l\000o\000w\000:\000k\000n\000o\000W\000h\000e\000r\000e}{section.10.9}% 266
\BOOKMARK [1][-]{section.10.10}{\376\377\000A\000c\000c\000e\000s\000s\000i\000b\000l\000e\000\040\000m\000e\000t\000a\000v\000e\000r\000s\000e\000\040\000f\000o\000r\000\040\000p\000r\000e\000-\000v\000i\000z}{chapter.10}% 267
\BOOKMARK [1][-]{section.10.11}{\376\377\000N\000o\000v\000e\000l\000\040\000V\000P\000\040\000r\000e\000n\000d\000e\000r\000\040\000p\000i\000p\000e\000l\000i\000n\000e}{chapter.10}% 268
\BOOKMARK [1][-]{section.10.12}{\376\377\000M\000o\000n\000e\000y\000\040\000i\000n\000\040\000m\000e\000t\000a\000v\000e\000r\000s\000e\000s}{chapter.10}% 269
\BOOKMARK [2][-]{subsection.10.12.1}{\376\377\000M\000L\000\040\000a\000c\000t\000o\000r\000s\000\040\000a\000n\000d\000\040\000b\000l\000o\000c\000k\000c\000h\000a\000i\000n\000\040\000b\000a\000s\000e\000d\000\040\000b\000o\000t\000s}{section.10.12}% 270
\BOOKMARK [2][-]{subsection.10.12.2}{\376\377\000A\000I\000\040\000e\000c\000o\000n\000o\000m\000i\000c\000\040\000a\000c\000t\000o\000r\000s\000\040\000i\000n\000\040\000m\000i\000x\000e\000d\000\040\000r\000e\000a\000l\000i\000t\000y}{section.10.12}% 271
\BOOKMARK [1][-]{section.10.13}{\376\377\000O\000u\000r\000\040\000s\000o\000c\000i\000a\000l\000i\000s\000a\000t\000i\000o\000n\000\040\000b\000e\000s\000t\000\040\000p\000r\000a\000c\000t\000i\000c\000e}{chapter.10}% 272
\BOOKMARK [2][-]{subsection.10.13.1}{\376\377\000E\000m\000u\000l\000a\000t\000i\000o\000n\000\040\000o\000f\000\040\000i\000m\000p\000o\000r\000t\000a\000n\000t\000\040\000s\000o\000c\000i\000a\000l\000\040\000c\000u\000e\000s}{section.10.13}% 273
\BOOKMARK [2][-]{subsection.10.13.2}{\376\377\000F\000e\000d\000e\000r\000a\000t\000i\000o\000n\000s\000\040\000o\000f\000\040\000w\000e\000b\000s\000\040\000o\000f\000\040\000t\000r\000u\000s\000t\000\040\000a\000n\000d\000\040\000e\000c\000o\000n\000o\000m\000i\000c\000s}{section.10.13}% 274
\BOOKMARK [1][-]{section.10.14}{\376\377\000S\000e\000c\000u\000r\000i\000t\000y\000\040\000e\000v\000a\000l\000u\000a\000t\000i\000o\000n}{chapter.10}% 275
\BOOKMARK [1][-]{section.10.15}{\376\377\000P\000o\000t\000e\000n\000t\000i\000a\000l\000\040\000a\000p\000p\000l\000i\000c\000a\000t\000i\000o\000n\000s\000\040}{chapter.10}% 276
\BOOKMARK [2][-]{subsection.10.15.1}{\376\377\000G\000l\000o\000b\000a\000l\000\040\000c\000y\000b\000e\000r\000s\000e\000c\000\040\000c\000o\000u\000r\000s\000e\000\040\000d\000e\000l\000i\000v\000e\000r\000y}{section.10.15}% 277
\BOOKMARK [2][-]{subsection.10.15.2}{\376\377\000S\000u\000b\000v\000o\000c\000a\000l\000i\000s\000a\000t\000i\000o\000n\000\040\000w\000i\000t\000h\000\040\000L\000L\000M\000s}{section.10.15}% 278
\BOOKMARK [2][-]{subsection.10.15.3}{\376\377\000A\000I\000\040\0003\000D\000\040\000o\000b\000j\000e\000c\000t\000s\000\040\000i\000n\000\040\000m\000e\000t\000a\000v\000e\000r\000s\000e}{section.10.15}% 279
\BOOKMARK [2][-]{subsection.10.15.4}{\376\377\000D\000i\000g\000i\000t\000a\000l\000\040\000c\000o\000l\000l\000e\000c\000t\000i\000b\000l\000e\000s\000\040\000f\000o\000r\000\040\000e\000v\000e\000n\000t\000s}{section.10.15}% 280
\BOOKMARK [2][-]{subsection.10.15.5}{\376\377\000P\000r\000o\000d\000u\000c\000t\000\040\000D\000e\000s\000i\000g\000n}{section.10.15}% 281
\BOOKMARK [1][-]{section.10.16}{\376\377\000n\000o\000t\000e\000s\000\040\000f\000o\000r\000\040\000l\000a\000t\000e\000r}{chapter.10}% 282
